V:BK7231S_1.0.5
CPSR:000000D3
R0:AF7EFBFD
R1:D37F7FFD
R2:FF7FFBB5
R3:7DEFE5FE
R4:FBBFF573
R13:FBEF7D7D
R14(LR):AEEBFD9E
ST:1D220305
J 0x10000
prvHeapInit-start addr:0x420030, size:131024
[01-01 18:12:15 TUYA Info][mqc_app.c:175] mqc app init ...
[01-01 18:12:15 TUYA Info][sf_mqc_cb.c:42] register mqc app callback
[01-01 18:12:15 TUYA Debug][mqc_app.c:118] mq_pro:5 mqc_handler_cnt:1
[01-01 18:12:15 TUYA Debug][mqc_app.c:118] mq_pro:31 mqc_handler_cnt:2
[01-01 18:12:15 TUYA Debug][uni_thread.c:215] Thread:sys_timer Exec Start. Set to Running Status
[01-01 18:12:15 TUYA Debug][log_seq.c:732] read from uf. max:0 first:0 last:0
[01-01 18:12:15 TUYA Debug][svc_online_log.c:288] svc online log init success
[01-01 18:12:15 TUYA Err][tuya_ws_db.c:314] kvs_read fails gw_bi -1
[01-01 18:12:15 TUYA Err][ws_db_gw.c:111] gw base read fails -935
[01-01 18:12:15 TUYA Debug][tuya_bt_sdk.c:89] ty bt cmmod register finish 1
[01-01 18:12:15 TUYA Debug][tuya_ble_api.c:301] ble sdk inited
!!!!!!!!!!tuya_bt_port_init
[01-01 18:12:15 TUYA Debug][tuya_ble_api.c:337] ble sdk re_inited
[01-01 18:12:15 TUYA Notice][tuya_bt_sdk.c:130] ty bt sdk init success finish
[01-01 18:12:15 TUYA Notice][tuya_device.c:355] < TUYA IOT SDK V:1.0.2 BS:40.00_PT:2.2_LAN:3.3_CAD:1.0.2_CD:1.0.0 >
< BUILD AT:2020_09_25_17_24_52 BY embed FOR ty_iot_wf_bt_sdk_bk AT bk7231t >
IOT DEFS < WIFI_GW:1 DEBUG:1 KV_FILE:0 SHUTDOWN_MODE:0 LITT[01-01 18:12:15 TUYA Notice][tuya_device.c:356] oem_bk7231s_dltj:1.3.5
[01-01 18:12:15 TUYA Notice][tuya_device.c:357] firmware compiled at Dec 25 2020 10:09:14
bk_rst:0 tuya_rst:0[01-01 18:12:15 TUYA Notice][tuya_device.c:360] REST INFORMATION IS 0
[01-01 18:12:15 TUYA Notice][soc_flash.c:250] date adr is 4364288
[01-01 18:12:15 TUYA Notice][device_config_load.c:469] ,over_vol: is 0 
[01-01 18:12:15 TUYA Notice][device_config_load.c:469] ,lose_vol: is 0 
[01-01 18:12:15 TUYA Notice][device_config_load.c:469] ,over_cur: is 0 
[01-01 18:12:15 TUYA Notice][device_config_load.c:479] ,chip_type: is 0 
[01-01 18:12:15 TUYA Notice][device_config_load.c:469] ,ele_pin: is 6 
[01-01 18:12:15 TUYA Notice][device_config_load.c:469] ,vi_pin: is 7 
[01-01 18:12:15 TUYA Notice][device_config_load.c:469] ,sel_pin_lv: is 1 
[01-01 18:12:15 TUYA Notice][device_config_load.c:469] ,sel_pin_pin: is 8 
[01-01 18:12:15 TUYA Notice][device_config_load.c:469] ,resistor: is 1 
[01-01 18:12:15 TUYA Notice][device_config_load.c:479] ,vol_def: is 0 
[01-01 18:12:15 TUYA Notice][device_config_load.c:479] ,jv: is 1.1.1 
[01-01 18:12:15 TUYA Notice][device_config_load.c:479] ,module: is WB2S 
[01-01 18:12:15 TUYA Notice][device_config_load.c:479] ,net_trig: is 1 
[01-01 18:12:15 TUYA Notice][device_config_load.c:479] ,bt1_type: is 0 
[01-01 18:12:15 TUYA Notice][device_config_load.c:469] ,netled1_lv: is 0 
[01-01 18:12:15 TUYA Notice][device_config_load.c:469] ,netled1_pin: is 26 
[01-01 18:12:15 TUYA Notice][device_config_load.c:479] ,nety_led: is 2 
[01-01 18:12:15 TUYA Notice][device_config_load.c:479] ,netn_led: is 0 
[01-01 18:12:15 TUYA Notice][device_config_load.c:469] ,reset_t: is 5 
[01-01 18:12:15 TUYA Notice][device_config_load.c:479] ,ch1_stat: is 1 
[01-01 18:12:15 TUYA Notice][device_config_load.c:469] ,ch_num: is 1 
[01-01 18:12:15 TUYA Notice][device_config_load.c:559] ,rl1_lv: is 1 
[01-01 18:12:15 TUYA Notice][device_config_load.c:559] ,rl1_pin: is 24 
[01-01 18:12:15 TUYA Notice][device_config_load.c:559] ,bt1_lv: is 0 
[01-01 18:12:15 TUYA Notice][device_config_load.c:559] ,bt1_pin: is 10 
[01-01 18:12:15 TUYA Notice][device_config_load.c:559] ,ch_dpid1: is 1 
[01-01 18:12:15 TUYA Notice][device_config_load.c:559] ,ch_cddpid1: is 9 
[01-01 18:12:15 TUYA Notice][simple_flash.c:432] key_addr: 0x1ee000   block_sz 4096
[01-01 18:12:15 TUYA Notice][simple_flash.c:500] get key:
0xcb 0x4e 0x3e 0xa4 0x0 0x30 0x9d 0xab 0x65 0x6d 0x8d 0xbf 0xe4 0xb9 0x3f 0x35 
[01-01 18:12:15 TUYA Notice][tuya_main.c:311] **********[oem_bk7231s_dltj] [1.3.5] compiled at Dec 25 2020 10:09:10**********
[bk]tx_txdesc_flush
[rx_iq]rx_amp_err_rd: 0x026
[rx_iq]rx_phase_err_rd: 0xffffffae
[rx_iq]rx_ty2_rd: 0x003
*********** finally result **********
gtx_dcorMod            : 0x8
gtx_dcorPA             : 0xa
gtx_pre_gain           : 0x0
gtx_i_dc_comp          : 0x209
gtx_q_dc_comp          : 0x206
gtx_i_gain_comp        : 0x3f4
gtx_q_gain_comp        : 0x3ff
gtx_ifilter_corner over: 0xa
gtx_qfilter_corner over: 0xb
gtx_phase_comp         : 0x220
gtx_phase_ty2          : 0x200
gbias_after_cal        : 0x15
gav_tssi               : 0x1b
g_rx_dc_gain_tab 0 over: 0x7c807c80
g_rx_dc_gain_tab 1 over: 0x7a807c80
g_rx_dc_gain_tab 2 over: 0x7a827c80
g_rx_dc_gain_tab 3 over: 0x748c7888
g_rx_dc_gain_tab 4 over: 0x748e748c
g_rx_dc_gain_tab 5 over: 0x748e748e
g_rx_dc_gain_tab 6 over: 0x748d748e
g_rx_dc_gain_tab 7 over: 0x758c748d
grx_amp_err_wr         : 0x1ef
grx_phase_err_wr       : 0x3d7
**************************************
ble use fit!
temp in flash is:294
lpf_i & q in flash is:11, 11
xtal in flash is:26
-----pwr_gain:12, g_idx:12, shift_b:0, shift_g:0
-----[pwr_gain]12
Initializing TCP/IP stack
[01-01 18:12:15 TUYA Notice][tuya_main.c:337] have actived over 15 min, not enter mf_init
[01-01 18:12:15 TUYA Notice][tuya_main.c:341] mf_init succ
[01-01 18:12:15 TUYA Notice][tuya_device.c:96] need scan ssid: tuya_mdev_test2 to enter product test repeatedly.
[01-01 18:12:15 TUYA Notice][tuya_main.c:109] have actived over 15 min, not enter mf_init
[01-01 18:12:16 TUYA Notice][tuya_device.c:196] frame goto init!
[01-01 18:12:16 TUYA Notice][gw_intf.c:3671] serial_no:10d561f743c1
[01-01 18:12:16 TUYA Notice][gw_intf.c:3706] gw_cntl.gw_wsm.stat:2
[01-01 18:12:16 TUYA Notice][gw_intf.c:3709] gw_cntl.gw_wsm.nc_tp:9
[01-01 18:12:16 TUYA Notice][gw_intf.c:3710] gw_cntl.gw_wsm.md:0
[01-01 18:12:16 TUYA Notice][gw_intf.c:3754] gw_cntl.gw_if.abi:0 input:0
[01-01 18:12:16 TUYA Notice][gw_intf.c:3755] gw_cntl.gw_if.product_key:keym9qkuywghyrvs, input:keym9qkuywghyrvs
[01-01 18:12:16 TUYA Notice][gw_intf.c:3756] gw_cntl.gw_if.tp:0, input:0
[01-01 18:12:16 TUYA Notice][gw_intf.c:3758] gw_cntl.gw_if.firmware_key:keym9qkuywghyrvs, input:keym9qkuywghyrvs
[01-01 18:12:16 TUYA Notice][tuya_bt_sdk.c:148] ty bt update product:keym9qkuywghyrvs 1
[01-01 18:12:16 TUYA Notice][tuya_dltj_app.c:454] dltj_run_int
[01-01 18:12:16 TUYA Notice][tuya_dltj_app.c:563] LOAD NO TIME energy : 0
[01-01 18:12:16 TUYA Notice][tuya_dltj_app.c:565] LOAD loc_data_energy : 0
[01-01 18:12:16 TUYA Notice][tuya_dltj_app.c:566] LOAD loc_data_time : 0
[01-01 18:12:16 TUYA Notice][tuya_dltj_app.c:565] LOAD loc_data_energy : 0
[01-01 18:12:16 TUYA Notice][tuya_dltj_app.c:566] LOAD loc_data_time : 0
[01-01 18:12:16 TUYA Notice][tuya_dltj_app.c:565] LOAD loc_data_energy : 0
[01-01 18:12:16 TUYA Notice][tuya_dltj_app.c:566] LOAD loc_data_time : 0
[01-01 18:12:16 TUYA Notice][tuya_dltj_app.c:565] LOAD loc_data_energy : 0
[01-01 18:12:16 TUYA Notice][tuya_dltj_app.c:566] LOAD loc_data_time : 0
[01-01 18:12:16 TUYA Notice][tuya_dltj_app.c:565] LOAD loc_data_energy : 0
[01-01 18:12:16 TUYA Notice][tuya_dltj_app.c:566] LOAD loc_data_time : 0
[01-01 18:12:16 TUYA Notice][tuya_dltj_app.c:565] LOAD loc_data_energy : 0
[01-01 18:12:16 TUYA Notice][tuya_dltj_app.c:566] LOAD loc_data_time : 0
[01-01 18:12:16 TUYA Notice][tuya_dltj_app.c:565] LOAD loc_data_energy : 0
[01-01 18:12:16 TUYA Notice][tuya_dltj_app.c:566] LOAD loc_data_time : 0
[01-01 18:12:16 TUYA Notice][tuya_dltj_app.c:565] LOAD loc_data_energy : 0
[01-01 18:12:16 TUYA Notice][tuya_dltj_app.c:566] LOAD loc_data_time : 0
[01-01 18:12:16 TUYA Notice][tuya_dltj_app.c:565] LOAD loc_data_energy : 0
[01-01 18:12:16 TUYA Notice][tuya_dltj_app.c:566] LOAD loc_data_time : 0
[01-01 18:12:16 TUYA Notice][tuya_dltj_app.c:565] LOAD loc_data_energy : 0
[01-01 18:12:16 TUYA Notice][tuya_dltj_app.c:566] LOAD loc_data_time : 0
[01-01 18:12:16 TUYA Err][uf_flash_file_app.c:266] uf_open 8 err 8
[01-01 18:12:16 TUYA Err][soc_flash.c:78] uf file 8 can't open and read data!
[01-01 18:12:16 TUYA Err][user_flash.c:528] over charge read error -1!
[01-01 18:12:16 TUYA Notice][user_relay.c:66] RLY TYPE IS 0
[01-01 18:12:16 TUYA Notice][app_switch.c:661] channel 0 Init ok
[01-01 18:12:16 TUYA Err][uf_flash_file_app.c:266] uf_open 9 err 8
[01-01 18:12:16 TUYA Err][soc_flash.c:78] uf file 9 can't open and read data!
[01-01 18:12:16 TUYA Err][user_flash.c:459] relay init stat data read error!
[01-01 18:12:16 TUYA Notice][app_switch.c:1385] get_relay_init_type is 1
[01-01 18:12:16 TUYA Err][sys_timer.c:254] Stop Timer Fails 0 ret:-2
[01-01 18:12:16 TUYA Err][tuya_inch.c:201] stop software timer!
[01-01 18:12:16 TUYA Notice][tuya_inch.c:371] inch info is null! this maybe a new product!!
[01-01 18:12:16 TUYA Notice][tuya_cyc_rand_timer.c:768] wd_common_read failed op_ret:-901
[01-01 18:12:16 TUYA Notice][tuya_cyc_rand_timer.c:768] wd_common_read failed op_ret:-901
[01-01 18:12:16 TUYA Notice][tuya_cyc_rand_timer.c:768] wd_common_read failed op_ret:-901
[01-01 18:12:16 TUYA Notice][tuya_device.c:338] device_init ok  free_mem_size:67376
[01-01 18:12:16 TUYA Err][smart_frame.c:2145] Net Invalid  0
[01-01 18:12:16 TUYA Err][tuya_iot_com_api.c:782] dp report async fail.ret:-906
[01-01 18:12:16 TUYA Err][user_net.c:138] sf_obj_dp_report op_ret:-906
[01-01 18:12:16 TUYA Err][smart_frame.c:2145] Net Invalid  0
[01-01 18:12:16 TUYA Err][tuya_iot_com_api.c:782] dp report async fail.ret:-906
[01-01 18:12:16 TUYA Err][user_net.c:138] sf_obj_dp_report op_ret:-906
[01-01 18:12:16 TUYA Err][app_netserve.c:745] report opUpload_pvi_data err,op_ret:-906
[01-01 18:12:16 TUYA Err][smart_frame.c:2145] Net Invalid  0
[01-01 18:12:16 TUYA Err][tuya_iot_com_api.c:782] dp report async fail.ret:-906
[01-01 18:12:16 TUYA Err][user_net.c:138] sf_obj_dp_report op_ret:-906
[01-01 18:12:16 TUYA Err][app_netserve.c:790] report fault notice err,op_ret:-906
[01-01 18:12:16 TUYA Err][smart_frame.c:271] devid:bf798b4abf52eda44fcn8p dparr[0]:46 not find, continue.
[01-01 18:12:16 TUYA Err][smart_frame.c:318] no vaild dp need report.
[01-01 18:12:16 TUYA Err][tuya_iot_com_api.c:762] dp composition fail.ret:-944
[01-01 18:12:16 TUYA Err][user_net.c:138] sf_obj_dp_report op_ret:-944
[01-01 18:12:16 TUYA Err][app_netserve.c:542] report fault notice err,op_ret:-944
[01-01 18:12:16 TUYA Notice][app_switch.c:1385] get_relay_init_type is 1
[01-01 18:12:16 TUYA Err][smart_frame.c:2145] Net Invalid  0
[01-01 18:12:16 TUYA Err][tuya_iot_com_api.c:782] dp report async fail.ret:-906
[01-01 18:12:16 TUYA Err][user_net.c:138] sf_obj_dp_report op_ret:-906
[01-01 18:12:16 TUYA Err][app_netserve.c:390] report ele par err,op_ret:-906
[01-01 18:12:16 TUYA Err][smart_frame.c:271] devid:bf798b4abf52eda44fcn8p dparr[0]:0 not find, continue.
[01-01 18:12:16 TUYA Err][smarfast_connect
t_frame.c:318] no vaild dp need report.
[01-01 18:12:16 TUYA Err][tuya_iot_com_api.c:762] dp composit[bk]tx_txdesc_flush
bssid f0-9f-c2-7a-17-76
security2cipher 2 2 16 16 security=5
cipher2security 2 2 16 16
enter low level!
mac 10:d5:61:f7:43:c1
leave low level!
ion fail.ret:-944
[01-01 18:12:16 TUYA Err][tuya_cyc_rand_timer.c:981] dev_report_dp_json_async err:-944
[01-01 18:12:16 TUYA Err][smart_frame.c:2145] Net Invalid  0
[01-01 18:12:16 TUYA Err][tuya_iot_com_api.c:782] dp report async fail.ret:-906
[01-01 18:12:16 TUYA Err][tuya_cyc_rand_timer.c:981] dev_report_dp_json_async err:-906
[01-01 18:12:16 TUYA Err][smart_frame.c:2145] Net Invalid  0
[01-01 18:12:16 TUYA Err][tuya_iot_com_api.c:782] dp report async fail.ret:-906
[01-01 18:12:16 TUYA Err][tuya_cyc_rand_timer.c:981] dev_report_dp_json_async err:-906
[01-01 18:12:16 TUYA Err][smart_frame.c:271] devid:bf798b4abf52eda44fcn8p dparr[0]:40 not find, continue.
[01-01 18:12:16 TUYA Err][smart_frame.c:318] no vaild dp need report.
[01-01 18:12:16 TUYA Err][tuya_iot_com_api.c:762] dp composition fail.ret:-944
[01-01 18:12:16 TUYA Err][tuya_child_lock.c:216] tuya_child_lock_upload op_ret:-944
[01-01 18:12:16 TUYA Err][smart_frame.c:271] devid:bf798b4abf52eda44fcn8p dparr[0]:39 not find, continue.
[01-01 18:12:16 TUYA Err][smart_frame.c:318] no vaild dp need report.
[01-01 18:12:16 TUYA Err][tuya_iot_com_api.c:762] dp compossid:IoT, 1
ht in scan
scan_start_req_handler
sition fail.ret:-944
[01-01 18:12:16 TUYA Err][user_net.c:138] sf_obj_dp_report op_ret:-944
[01-01 18:12:16 TUYA Err][app_netserve.c:316] opUpload_light_mode,op_ret:-944
[01-01 18:12:16 TUYA Notice][tuya_inch.c:539] inch info is null! this maybe a new product!!
[01-01 18:12:16 TUYA Notice][app_netserve.c:1051] gw status changed to 3
[01-01 18:12:16 TUYA Notice][tuya_bt_sdk.c:157] ty bt update localkey
!!!!!!!!!!tuya_bt_reset_adv
[01-01 02:00:01 TUYA Notice][tuya_ble_api.c:398] ble adv && resp changed
gapm_cmp_evt_handler operation = 0x1, status = 0x0 
gapm_cmp_evt_handler operation = 0x3, status = 0x0 
STACK INIT OK
ble create new db
ble_env->start_hdl = 0x7gapm_cmp_evt_handler operation = 0x1b, status = 0x0 
CREATE DB SUCCESS
!!!!!!!!!!tuya_bt_reset_adv
[01-01 02:00:01 TUYA Notice][tuya_ble_api.c:398] ble adv && resp changed
!!!!!!!!!!tuya_before_netcfg_cb
appm start advertising
found scan rst rssi -48 > -50
found scan rst rssi -48 > -50
found scan rst rssi -48 > -50
me_set_ps_disable:840 0 0 0 427325 946528
sm_auth_send:1
sm_auth_handler
ht in assoc req
sm_assoc_rsp_handler
rc_init: station_id=0 format_mod=0 pre_type=2 short_gi=436053 max_bw=947039
rc_init: nss_max=0 mcs_max=0 r_idx_min=7 r_idx_max=436095 no_samples=947106
__l2_packet_send: ret 0

new ie: 0 : 49 6f 54 
new ie: 1 : 82 84 8b 96 c 12 18 24 
new ie: 3 : b 
new ie: 2d : ac 1 1b ff ff ff 0 0 0 0 0 0 0 0 0 1 0 0 0 0 0 0 0 0 0 0 
new ie: 30 : 1 0 0 f ac 4 1 0 0 f ac 4 1 0 0 f ac 2 0 0 

__l2_packet_send: ret 0
sta_mgmt_add_key
ctrl_port_hdl:1
me_set_ps_disable:840 0 0 0 427325 946528

configuring interface mlan (with DHCP client)[01-01 02:00:02 TUYA Notice][app_netserve.c:141] wifi stat is 5 
[01-01 02:00:02 TUYA Notice][app_netserve.c:142] net stat change free_mem_size:61168
[01-01 02:00:02 TUYA Err][app_netserve.c:745] report opUpload_pvi_data err,op_ret:-1
[01-01 02:00:02 TUYA Err][app_netserve.c:790] report fault notice err,op_ret:-1
[01-01 02:00:02 TUYA Notice][app_switch.c:1385] get_relay_init_type is 1
[01-01 02:00:02 TUYA Err][smart_frame.c:271] devid:bf798b4abf52eda44fcn8p dparr[0]:0 not find, continue.
[01-01 02:00:02 TUYA Err][smart_frame.c:318] no vaild dp need report.
[01-01 02:00:02 TUYA Err][tuya_iot_com_api.c:762] dp composition fail.ret:-944
[01-01 02:00:02 TUYA Err][tuya_cyc_rand_timer.c:981] dev_report_dp_json_async err:-944
[01-01 02:00:02 TUYA Err][smart_frame.c:2145] Net Invalid  0
[01-01 02:00:02 TUYA Err][tuya_iot_com_api.c:782] dp report async fail.ret:-906
[01-01 02:00:02 TUYA Err][tuya_cyc_rand_timer.c:981] dev_report_dp_json_async err:-906
[01-01 02:00:02 TUYA Err][smart_frame.c:2145] Net Invalid  0
[01-01 02:00:02 TUYA Err][tuya_iot_com_api.c:782] dp report async fail.ret:-906
[01-01 02:00:02 TUYA Err][tuya_cyc_rand_timer.c:981] dev_report_dp_json_async err:-906
[01-01 02:00:02 TUYA Err][smart_frame.c:271] devid:bf798b4abf52eda44fcn8p dparr[0]:40 not find, continue.
[01-01 02:00:02 TUYA Err][smart_frame.c:318] no vaild dp need report.
[01-01 02:00:02 TUYA Err][tuya_iot_com_api.c:762] dp composition fail.ret:-944
[01-01 02:00:02 TUYA Err][tuya_child_lock.c:216] tuya_child_lock_upload op_ret:-944
[01-01 02:00:02 TUYA Err][smart_frame.c:271] devid:bf798b4abf52eda44fcn8p dparr[0]:39 not find, continue.
[01-01 02:00:02 TUYA Err][smart_frame.c:318] no vaild dp need report.
[01-01 02:00:02 TUYA Err][tuya_iot_com_api.c:762] dp composition fail.ret:-944
[01-01 02:00:02 TUYA Err][user_net.c:138] sf_obj_dp_report op_ret:-944
[01-01 02:00:02 TUYA Err][app_netserve.c:316] opUpload_light_mode,op_ret:-944
[01-01 02:00:02 TUYA Notice][tuya_inch.c:539] inch info is null! this maybe a new product!!
do td cur_t:284--last:idx:13,t:294 -- new:idx:12,t:282 
--0xc:08, shift_b:-1, shift_g:-1, X:0
me_send_ps_req 2 0 0
set_ps_mode_cfm:963 1 0 4 426913 946472
[01-01 02:00:03 TUYA Notice][app_netserve.c:141] wifi stat is 6 
[01-01 02:00:03 TUYA Notice][app_netserve.c:142] net stat change free_mem_size:61064
[01-01 02:00:03 TUYA Err][smart_frame.c:2204] mqtt async send fail -916
[01-01 02:00:03 TUYA Err][tuya_iot_com_api.c:782] dp report async fail.ret:-916
[01-01 02:00:03 TUYA Err][user_net.c:138] sf_obj_dp_report op_ret:-916
[01-01 02:00:03 TUYA Err][smart_frame.c:2204] mqtt async send fail -916
[01-01 02:00:03 TUYA Err][tuya_iot_com_api.c:782] dp report async fail.ret:-916
[01-01 02:00:03 TUYA Err][user_net.c:138] sf_obj_dp_report op_ret:-916
[01-01 02:00:03 TUYA Err][app_netserve.c:745] report opUpload_pvi_data err,op_ret:-916
[01-01 02:00:03 TUYA Err][smart_frame.c:2204] mqtt async send fail -916
[01-01 02:00:03 TUYA Err][tuya_iot_com_api.c:782] dp report async fail.ret:-916
[01-01 02:00:03 TUYA Err][user_net.c:138] sf_obj_dp_report op_ret:-916
[01-01 02:00:03 TUYA Err][app_netserve.c:790] report fault notice err,op_ret:-916
[01-01 02:00:03 TUYA Err][smart_frame.c:271] devid:bf798b4abf52eda44fcn8p dparr[0]:46 not find, continue.
[01-01 02:00:03 TUYA Err][smart_frame.c:318] no vaild dp need report.
[01-01 02:00:03 TUYA Err][tuya_iot_com_api.c:762] dp composition fail.ret:-944
[01-01 02:00:03 TUYA Err][user_net.c:138] sf_obj_dp_report op_ret:-944
[01-01 02:00:03 TUYA Err][app_netserve.c:542] report fault notice err,op_ret:-944
[01-01 02:00:03 TUYA Notice][app_switch.c:1385] get_relay_init_type is 1
[01-01 02:00:03 TUYA Err][smart_frame.c:2204] mqtt async send fail -916
[01-01 02:00:03 TUYA Err][tuya_iot_com_api.c:782] dp report async fail.ret:-916
[01-01 02:00:03 TUYA Err][user_net.c:138] sf_obj_dp_report op_ret:-916
[01-01 02:00:03 TUYA Err][app_netserve.c:390] report ele par err,op_ret:-916
[01-01 02:00:03 TUYA Err][smart_frame.c:271] devid:bf798b4abf52eda44fcn8p dparr[0]:0 not find, continue.
[01-01 02:00:03 TUYA Err][smart_frame.c:318] no vaild dp need report.
[01-01 02:00:03 TUYA Err][tuya_iot_com_api.c:762] dp composition fail.ret:-944
[01-01 02:00:03 TUYA Err][tuya_cyc_rand_timer.c:981] dev_report_dp_json_async err:-944
[01-01 02:00:03 TUYA Err][smart_frame.c:2204] mqtt async send fail -916
[01-01 02:00:03 TUYA Err][tuya_iot_com_api.c:782] dp report async fail.ret:-916
[01-01 02:00:03 TUYA Err][tuya_cyc_rand_timer.c:981] dev_report_dp_json_async err:-916
[01-01 02:00:03 TUYA Err][smart_frame.c:2204] mqtt async send fail -916
[01-01 02:00:03 TUYA Err][tuya_iot_com_api.c:782] dp report async fail.ret:-916
[01-01 02:00:03 TUYA Err][tuya_cyc_rand_timer.c:981] dev_report_dp_json_async err:-916
[01-01 02:00:03 TUYA Err][smart_frame.c:271] devid:bf798b4abf52eda44fcn8p dparr[0]:40 not find, continue.
[01-01 02:00:03 TUYA Err][smart_frame.c:318] no vaild dp need report.
[01-01 02:00:03 TUYA Err][tuya_iot_com_api.c:762] dp composition fail.ret:-944
[01-01 02:00:03 TUYA Err][tuya_child_lock.c:216] tuya_child_lock_upload op_ret:-944
[01-01 02:00:03 TUYA Err][smart_frame.c:271] devid:bf798b4abf52eda44fcn8p dparr[0]:39 not find, continue.
[01-01 02:00:03 TUYA Err][smart_frame.c:318] no vaild dp need report.
[01-01 02:00:03 TUYA Err][tuya_iot_com_api.c:762] dp composition fail.ret:-944
[01-01 02:00:03 TUYA Err][user_net.c:138] sf_obj_dp_report op_ret:-944
[01-01 02:00:03 TUYA Err][app_netserve.c:316] opUpload_light_mode,op_ret:-944
[01-01 02:00:03 TUYA Notice][tuya_inch.c:539] inch info is null! this maybe a new product!!
[01-01 02:00:03 TUYA Notice][mqtt_client.c:1317] mqtt get serve ip success
[01-01 02:00:03 TUYA Notice][tuya_tls.c:554] ret = 0
[01-01 02:00:03 TUYA Notice][mqtt_client.c:1347] mqtt socket create success. begin to connect
[01-01 02:00:03 TUYA Notice][mqtt_client.c:1373] mqtt socket connect success. begin to subscribe [smart/device/in/bf798b4abf52eda44fcn8p]
[01-01 02:00:04 TUYA Notice][app_netserve.c:141] wifi stat is 7 
[01-01 02:00:04 TUYA Notice][app_netserve.c:142] net stat change free_mem_size:56072
[01-01 02:00:04 TUYA Err][smart_frame.c:271] devid:bf798b4abf52eda44fcn8p dparr[0]:46 not find, continue.
[01-01 02:00:04 TUYA Err][smart_frame.c:318] no vaild dp need report.
[01-01 02:00:04 TUYA Err][tuya_iot_com_api.c:762] dp composition fail.ret:-944
[01-01 02:00:04 TUYA Err][user_net.c:138] sf_obj_dp_report op_ret:-944
[01-01 02:00:04 TUYA Err][app_netserve.c:542] report fault notice err,op_ret:-944
[01-01 02:00:04 TUYA Notice][app_switch.c:1385] get_relay_init_type is 1
[01-01 02:00:04 TUYA Err][smart_frame.c:271] devid:bf798b4abf52eda44fcn8p dparr[0]:0 not find, continue.
[01-01 02:00:04 TUYA Err][smart_frame.c:318] no vaild dp need report.
[01-01 02:00:04 TUYA Err][tuya_iot_com_api.c:762] dp composition fail.ret:-944
[01-01 02:00:04 TUYA Err][tuya_cyc_rand_timer.c:981] dev_report_dp_json_async err:-944
[01-01 02:00:04 TUYA Err][smart_frame.c:271] devid:bf798b4abf52eda44fcn8p dparr[0]:40 not find, continue.
[01-01 02:00:04 TUYA Err][smart_frame.c:318] no vaild dp need report.
[01-01 02:00:04 TUYA Err][tuya_iot_com_api.c:762] dp composition fail.ret:-944
[01-01 02:00:04 TUYA Err][tuya_child_lock.c:216] tuya_child_lock_upload op_ret:-944
[01-01 02:00:04 TUYA Err][smart_frame.c:271] devid:bf798b4abf52eda44fcn8p dparr[0]:39 not find, continue.
[01-01 02:00:04 TUYA Err][smart_frame.c:318] no vaild dp need report.
[01-01 02:00:04 TUYA Err][tuya_iot_com_api.c:762] dp composition fail.ret:-944
[01-01 02:00:04 TUYA Err][user_net.c:138] sf_obj_dp_report op_ret:-944
[01-01 02:00:04 TUYA Err][app_netserve.c:316] opUpload_light_mode,op_ret:-944
[01-01 02:00:04 TUYA Notice][tuya_inch.c:539] inch info is null! this maybe a new product!!
[01-01 02:00:05 TUYA Err][uf_flash_file_app.c:266] uf_open netcfg_log err 8
!!!!!!!!!!tuya_bt_close:3
gapm_cmp_evt_handler operation = 0xd, status = 0x44 
[01-01 02:00:11 TUYA Notice][tuya_dltj_app.c:659] app_dltj_thread  free_mem_size:55728
[01-01 02:00:11 TUYA Notice][uni_work_queue.c:146] work_queue add task:4237e0
[01-01 02:00:11 TUYA Notice][uni_work_queue.c:146] work_queue add task:4235c0
bk_rst:0 tuya_rst:0[01-01 02:00:11 TUYA Notice][tuya_tls.c:554] ret = 0
[05-01 15:46:38 TUYA Notice][tuya_tls.c:554] ret = 0
[05-01 15:46:42 TUYA Notice][uni_work_queue.c:146] work_queue add task:4235c0
[05-01 15:46:42 TUYA Notice][uni_work_queue.c:146] work_queue add task:4235b0
[05-01 15:46:42 TUYA Notice][tuya_tls.c:554] ret = 0
[05-01 15:46:43 TUYA Err][tuya_svc_upgrade.c:281] result is null!
[05-01 15:46:43 TUYA Notice][tuya_tls.c:554] ret = 0
[05-01 15:46:46 TUYA Notice][tuya_dltj_app.c:659] app_dltj_thread  free_mem_size:55728
